<component name="libraryTable">
  <library name="junit-platform-console-standalone-1.6.2">
    <CLASSES>
      <root url="jar://$USER_HOME$/Documents/JUnit/junit-platform-console-standalone-1.6.2.jar!/" />
    </CLASSES>
    <JAVADOC />
    <SOURCES />
  </library>
</component>